TN:
SF:src/config.ts
FN:40,getConfig
FN:51,getConfigOrThrow
FN:54,(anonymous_2)
FNF:3
FNH:1
FNDA:0,getConfig
FNDA:4,getConfigOrThrow
FNDA:0,(anonymous_2)
DA:8,1
DA:9,1
DA:10,1
DA:11,1
DA:12,1
DA:15,1
DA:24,1
DA:40,1
DA:41,0
DA:51,1
DA:52,4
DA:55,0
LF:12
LH:10
BRF:0
BRH:0
end_of_record
TN:
SF:src/utils/formatters.tsx
FN:2,expireDateFormatter
FN:18,cleanSpaces
FN:25,moneyFormat
FNF:3
FNH:3
FNDA:6,expireDateFormatter
FNDA:6,cleanSpaces
FNDA:13,moneyFormat
DA:3,6
DA:4,2
DA:6,6
DA:7,1
DA:9,5
DA:10,1
DA:12,4
DA:13,1
DA:15,3
DA:19,6
DA:27,19
DA:28,24
DA:30,13
DA:38,2
LF:14
LH:14
BRDA:3,0,0,2
BRDA:6,1,0,1
BRDA:6,2,0,6
BRDA:6,2,1,1
BRDA:9,3,0,1
BRDA:9,4,0,5
BRDA:9,4,1,3
BRDA:12,5,0,1
BRDA:12,6,0,4
BRDA:12,6,1,1
BRDA:27,7,0,6
BRDA:28,8,0,11
BRDA:35,9,0,10
BRDA:35,9,1,3
BRF:14
BRH:14
end_of_record
TN:
SF:src/utils/index.tsx
FN:14,(anonymous_0)
FNF:1
FNH:0
FNDA:0,(anonymous_0)
DA:1,1
DA:2,1
DA:3,1
DA:4,1
DA:5,1
DA:7,1
DA:14,0
LF:7
LH:6
BRF:0
BRH:0
end_of_record
TN:
SF:src/utils/urlUtilities.ts
FN:7,getFragmentParameter
FNF:1
FNH:1
FNDA:4,getFragmentParameter
DA:7,2
DA:8,4
DA:9,4
DA:10,3
DA:11,3
DA:12,3
DA:13,2
DA:15,1
DA:17,1
DA:21,2
LF:10
LH:10
BRDA:12,0,0,2
BRDA:15,1,0,1
BRDA:15,1,1,0
BRF:3
BRH:2
end_of_record
TN:
SF:src/utils/validators.tsx
FN:6,cardNameValidation
FN:10,digitValidation
FN:14,(anonymous_2)
FN:24,expirationDateChangeValidation
FN:52,evaluateHTTPfamilyStatusCode
FNF:5
FNH:4
FNDA:5,cardNameValidation
FNDA:13,digitValidation
FNDA:0,(anonymous_2)
FNDA:8,expirationDateChangeValidation
FNDA:20,evaluateHTTPfamilyStatusCode
DA:1,2
DA:2,2
DA:3,2
DA:4,2
DA:7,5
DA:11,13
DA:14,2
DA:18,0
DA:19,0
DA:21,0
DA:25,8
DA:26,1
DA:28,7
DA:29,0
DA:31,7
DA:36,0
DA:38,7
DA:39,5
DA:41,2
DA:55,20
DA:56,20
DA:57,20
DA:58,5
DA:60,15
DA:67,2
DA:69,2
LF:26
LH:21
BRDA:18,0,0,0
BRDA:18,1,0,0
BRDA:18,1,1,0
BRDA:25,2,0,1
BRDA:28,3,0,0
BRDA:28,4,0,7
BRDA:28,4,1,0
BRDA:31,5,0,0
BRDA:32,6,0,7
BRDA:32,6,1,0
BRDA:32,6,2,0
BRDA:38,7,0,5
BRDA:42,8,0,2
BRDA:42,8,1,0
BRDA:42,9,0,0
BRDA:42,9,1,2
BRDA:57,10,0,5
BRF:17
BRH:7
end_of_record
TN:
SF:src/utils/__tests__/utils.ts
FNF:0
FNH:0
DA:3,1
DA:5,1
DA:7,1
DA:20,1
DA:23,1
DA:49,1
LF:6
LH:6
BRF:0
BRH:0
end_of_record
TN:
SF:src/utils/api/config.tsx
FN:11,(anonymous_0)
FNF:1
FNH:1
FNDA:4,(anonymous_0)
DA:1,1
DA:7,1
DA:9,1
DA:11,1
DA:12,4
DA:17,1
LF:6
LH:6
BRF:0
BRH:0
end_of_record
TN:
SF:src/utils/api/index.tsx
FNF:0
FNH:0
DA:1,1
DA:3,1
LF:2
LH:2
BRF:0
BRH:0
end_of_record
TN:
SF:src/utils/api/pm/index.tsx
FN:26,(anonymous_0)
FN:30,(anonymous_1)
FN:34,(anonymous_3)
FN:39,(anonymous_4)
FN:42,(anonymous_5)
FN:42,(anonymous_6)
FN:43,(anonymous_9)
FN:43,(anonymous_10)
FN:47,(anonymous_13)
FN:48,(anonymous_14)
FN:53,(anonymous_15)
FN:56,(anonymous_16)
FN:62,(anonymous_17)
FN:67,(anonymous_18)
FNF:14
FNH:12
FNDA:4,(anonymous_0)
FNDA:4,(anonymous_1)
FNDA:4,(anonymous_3)
FNDA:1,(anonymous_4)
FNDA:1,(anonymous_5)
FNDA:3,(anonymous_6)
FNDA:3,(anonymous_9)
FNDA:6,(anonymous_10)
FNDA:1,(anonymous_13)
FNDA:2,(anonymous_14)
FNDA:0,(anonymous_15)
FNDA:1,(anonymous_16)
FNDA:1,(anonymous_17)
FNDA:0,(anonymous_18)
DA:1,1
DA:2,1
DA:3,1
DA:4,1
DA:5,1
DA:6,1
DA:8,1
DA:9,1
DA:10,1
DA:11,1
DA:13,1
DA:14,1
DA:15,1
DA:20,1
DA:26,1
DA:30,4
DA:32,8
DA:35,4
DA:39,1
DA:42,3
DA:43,6
DA:44,3
DA:47,1
DA:48,2
DA:49,2
DA:53,0
DA:57,1
DA:58,1
DA:63,1
DA:67,0
DA:77,1
LF:31
LH:29
BRDA:21,0,0,0
BRDA:21,0,1,1
BRDA:32,1,0,4
BRDA:32,1,1,4
BRDA:57,2,0,0
BRDA:57,2,1,1
BRDA:57,3,0,1
BRDA:57,3,1,1
BRDA:57,4,0,0
BRDA:57,4,1,1
BRDA:57,5,0,1
BRDA:57,5,1,1
BRDA:58,6,0,1
BRDA:58,6,1,0
BRF:14
BRH:10
end_of_record
TN:
SF:src/utils/errors/errorsModel.ts
FN:3,(anonymous_0)
FN:25,(anonymous_1)
FN:42,(anonymous_2)
FN:60,(anonymous_3)
FN:75,(anonymous_4)
FN:91,(anonymous_5)
FN:117,(anonymous_6)
FN:138,(anonymous_7)
FNF:8
FNH:2
FNDA:1,(anonymous_0)
FNDA:1,(anonymous_1)
FNDA:0,(anonymous_2)
FNDA:0,(anonymous_3)
FNDA:0,(anonymous_4)
FNDA:0,(anonymous_5)
FNDA:0,(anonymous_6)
FNDA:0,(anonymous_7)
DA:1,1
DA:3,1
DA:4,1
DA:5,1
DA:6,1
DA:7,1
DA:8,1
DA:25,1
DA:26,1
DA:27,1
DA:28,1
DA:29,1
DA:32,1
DA:43,0
DA:61,0
DA:76,0
DA:92,0
DA:106,1
DA:118,0
DA:139,0
LF:20
LH:14
BRDA:3,0,0,1
BRDA:3,0,1,1
BRDA:25,1,0,1
BRDA:25,1,1,1
BRDA:43,2,0,0
BRDA:43,2,1,0
BRDA:43,3,0,0
BRDA:43,3,1,0
BRDA:61,4,0,0
BRDA:61,4,1,0
BRDA:61,5,0,0
BRDA:61,5,1,0
BRDA:76,6,0,0
BRDA:76,6,1,0
BRDA:76,7,0,0
BRDA:76,7,1,0
BRDA:92,8,0,0
BRDA:92,8,1,0
BRDA:92,9,0,0
BRDA:92,9,1,0
BRDA:118,10,0,0
BRDA:118,10,1,0
BRDA:118,11,0,0
BRDA:118,11,1,0
BRDA:139,12,0,0
BRDA:139,12,1,0
BRDA:139,13,0,0
BRDA:139,13,1,0
BRF:28
BRH:4
end_of_record
TN:
SF:src/utils/storage/index.ts
FN:1,(anonymous_0)
FN:5,(anonymous_1)
FN:7,(anonymous_2)
FN:10,(anonymous_3)
FNF:4
FNH:1
FNDA:1,(anonymous_0)
FNDA:0,(anonymous_1)
FNDA:0,(anonymous_2)
FNDA:0,(anonymous_3)
DA:1,1
DA:2,1
DA:5,1
DA:7,1
DA:8,0
DA:10,1
DA:12,1
LF:7
LH:6
BRDA:1,0,0,1
BRDA:1,0,1,1
BRF:2
BRH:2
end_of_record
